TN:
SF:src/debug.ts
FN:1,padColOfNumbers
FN:11,(anonymous_1)
FNF:2
FNH:0
FNDA:0,padColOfNumbers
FNDA:0,(anonymous_1)
DA:1,3
DA:2,0
DA:3,0
DA:4,0
DA:5,0
DA:6,0
DA:7,0
DA:8,0
DA:9,0
DA:11,0
LF:10
LH:1
BRDA:1,0,0,0
BRF:1
BRH:0
end_of_record
TN:
SF:src/math/index.ts
FNF:0
FNH:0
DA:1,2
DA:2,2
DA:3,2
DA:4,2
LF:4
LH:4
BRF:0
BRH:0
end_of_record
TN:
SF:src/math/mat4.ts
FN:36,(anonymous_0)
FN:78,(anonymous_1)
FN:112,(anonymous_2)
FN:164,(anonymous_3)
FN:168,(anonymous_4)
FN:174,(anonymous_5)
FN:187,(anonymous_6)
FN:193,(anonymous_7)
FN:200,(anonymous_8)
FN:207,(anonymous_9)
FN:214,(anonymous_10)
FN:243,(anonymous_11)
FN:246,(anonymous_12)
FN:250,(anonymous_13)
FN:253,(anonymous_14)
FN:257,(anonymous_15)
FN:260,(anonymous_16)
FN:264,(anonymous_17)
FN:267,(anonymous_18)
FN:271,(anonymous_19)
FN:274,(anonymous_20)
FN:278,(anonymous_21)
FN:281,(anonymous_22)
FN:285,(anonymous_23)
FN:288,(anonymous_24)
FN:292,(anonymous_25)
FN:295,(anonymous_26)
FN:299,(anonymous_27)
FN:302,(anonymous_28)
FN:306,(anonymous_29)
FN:309,(anonymous_30)
FN:313,(anonymous_31)
FN:316,(anonymous_32)
FN:320,(anonymous_33)
FN:323,(anonymous_34)
FN:327,(anonymous_35)
FN:330,(anonymous_36)
FN:334,(anonymous_37)
FN:337,(anonymous_38)
FN:341,(anonymous_39)
FN:344,(anonymous_40)
FN:348,(anonymous_41)
FN:351,(anonymous_42)
FN:355,(anonymous_43)
FNF:44
FNH:35
FNDA:4,(anonymous_0)
FNDA:1,(anonymous_1)
FNDA:1,(anonymous_2)
FNDA:0,(anonymous_3)
FNDA:0,(anonymous_4)
FNDA:0,(anonymous_5)
FNDA:0,(anonymous_6)
FNDA:0,(anonymous_7)
FNDA:0,(anonymous_8)
FNDA:0,(anonymous_9)
FNDA:0,(anonymous_10)
FNDA:1,(anonymous_11)
FNDA:1,(anonymous_12)
FNDA:1,(anonymous_13)
FNDA:1,(anonymous_14)
FNDA:1,(anonymous_15)
FNDA:1,(anonymous_16)
FNDA:1,(anonymous_17)
FNDA:1,(anonymous_18)
FNDA:1,(anonymous_19)
FNDA:1,(anonymous_20)
FNDA:1,(anonymous_21)
FNDA:1,(anonymous_22)
FNDA:1,(anonymous_23)
FNDA:1,(anonymous_24)
FNDA:1,(anonymous_25)
FNDA:1,(anonymous_26)
FNDA:1,(anonymous_27)
FNDA:1,(anonymous_28)
FNDA:1,(anonymous_29)
FNDA:1,(anonymous_30)
FNDA:1,(anonymous_31)
FNDA:1,(anonymous_32)
FNDA:1,(anonymous_33)
FNDA:1,(anonymous_34)
FNDA:1,(anonymous_35)
FNDA:1,(anonymous_36)
FNDA:1,(anonymous_37)
FNDA:1,(anonymous_38)
FNDA:1,(anonymous_39)
FNDA:1,(anonymous_40)
FNDA:1,(anonymous_41)
FNDA:1,(anonymous_42)
FNDA:0,(anonymous_43)
DA:1,3
DA:5,3
DA:15,3
DA:54,4
DA:55,4
DA:74,0
DA:85,1
DA:92,1
DA:93,1
DA:94,1
DA:95,1
DA:96,1
DA:97,1
DA:98,1
DA:99,1
DA:100,1
DA:101,1
DA:102,1
DA:103,1
DA:104,1
DA:105,1
DA:106,1
DA:107,1
DA:108,1
DA:109,1
DA:119,1
DA:120,1
DA:121,1
DA:122,1
DA:123,1
DA:124,1
DA:125,1
DA:126,1
DA:127,1
DA:128,1
DA:129,1
DA:130,1
DA:131,1
DA:134,1
DA:140,1
DA:141,0
DA:143,1
DA:145,1
DA:146,1
DA:147,1
DA:148,1
DA:149,1
DA:150,1
DA:151,1
DA:152,1
DA:153,1
DA:154,1
DA:155,1
DA:156,1
DA:157,1
DA:158,1
DA:159,1
DA:160,1
DA:161,1
DA:165,0
DA:166,0
DA:169,0
DA:170,0
DA:171,0
DA:175,0
DA:176,0
DA:177,0
DA:178,0
DA:179,0
DA:180,0
DA:181,0
DA:182,0
DA:183,0
DA:184,0
DA:188,0
DA:189,0
DA:190,0
DA:194,0
DA:195,0
DA:196,0
DA:197,0
DA:201,0
DA:202,0
DA:203,0
DA:204,0
DA:208,0
DA:209,0
DA:210,0
DA:211,0
DA:215,0
DA:216,0
DA:217,0
DA:218,0
DA:219,0
DA:220,0
DA:221,0
DA:222,0
DA:223,0
DA:224,0
DA:225,0
DA:226,0
DA:228,0
DA:229,0
DA:230,0
DA:232,0
DA:233,0
DA:234,0
DA:236,0
DA:237,0
DA:238,0
DA:240,0
DA:244,1
DA:247,1
DA:251,1
DA:254,1
DA:258,1
DA:261,1
DA:265,1
DA:268,1
DA:272,1
DA:275,1
DA:279,1
DA:282,1
DA:286,1
DA:289,1
DA:293,1
DA:296,1
DA:300,1
DA:303,1
DA:307,1
DA:310,1
DA:314,1
DA:317,1
DA:321,1
DA:324,1
DA:328,1
DA:331,1
DA:335,1
DA:338,1
DA:342,1
DA:345,1
DA:349,1
DA:352,1
DA:356,0
DA:357,0
DA:358,0
DA:359,0
DA:361,0
DA:362,0
DA:363,0
DA:364,0
DA:365,0
LF:152
LH:89
BRDA:37,0,0,0
BRDA:38,1,0,0
BRDA:39,2,0,0
BRDA:40,3,0,0
BRDA:41,4,0,0
BRDA:42,5,0,0
BRDA:43,6,0,0
BRDA:44,7,0,0
BRDA:45,8,0,0
BRDA:46,9,0,0
BRDA:47,10,0,0
BRDA:48,11,0,0
BRDA:49,12,0,0
BRDA:50,13,0,0
BRDA:51,14,0,0
BRDA:52,15,0,0
BRDA:54,16,0,4
BRDA:54,16,1,0
BRDA:140,17,0,0
BRDA:355,18,0,0
BRF:20
BRH:1
end_of_record
TN:
SF:src/math/quat.ts
FN:12,(anonymous_0)
FN:22,(anonymous_1)
FN:26,(anonymous_2)
FN:36,(anonymous_3)
FN:66,(anonymous_4)
FN:83,(anonymous_5)
FN:100,(anonymous_6)
FN:117,(anonymous_7)
FN:135,(anonymous_8)
FNF:9
FNH:2
FNDA:1,(anonymous_0)
FNDA:0,(anonymous_1)
FNDA:0,(anonymous_2)
FNDA:3,(anonymous_3)
FNDA:0,(anonymous_4)
FNDA:0,(anonymous_5)
FNDA:0,(anonymous_6)
FNDA:0,(anonymous_7)
FNDA:0,(anonymous_8)
DA:2,2
DA:4,2
DA:18,1
DA:19,0
DA:23,0
DA:27,0
DA:28,0
DA:29,0
DA:30,0
DA:31,0
DA:32,0
DA:33,0
DA:39,3
DA:40,3
DA:42,2
DA:43,2
DA:44,2
DA:45,2
DA:46,2
DA:47,2
DA:50,1
DA:51,1
DA:52,1
DA:53,1
DA:54,1
DA:55,1
DA:57,1
DA:58,1
DA:59,1
DA:60,1
DA:61,1
DA:62,1
DA:67,0
DA:69,0
DA:70,0
DA:71,0
DA:72,0
DA:73,0
DA:74,0
DA:76,0
DA:77,0
DA:78,0
DA:79,0
DA:80,0
DA:84,0
DA:86,0
DA:87,0
DA:88,0
DA:89,0
DA:90,0
DA:91,0
DA:93,0
DA:94,0
DA:95,0
DA:96,0
DA:97,0
DA:101,0
DA:103,0
DA:104,0
DA:105,0
DA:106,0
DA:107,0
DA:108,0
DA:110,0
DA:111,0
DA:112,0
DA:113,0
DA:114,0
DA:118,0
DA:119,0
DA:120,0
DA:121,0
DA:122,0
DA:123,0
DA:124,0
DA:125,0
DA:126,0
DA:128,0
DA:129,0
DA:130,0
DA:132,0
DA:136,0
DA:137,0
DA:138,0
DA:139,0
DA:140,0
DA:141,0
DA:145,2
DA:147,2
LF:89
LH:25
BRDA:13,0,0,0
BRDA:14,1,0,0
BRDA:15,2,0,0
BRDA:16,3,0,0
BRDA:18,4,0,1
BRDA:18,4,1,0
BRDA:40,5,0,2
BRDA:40,5,1,1
BRDA:52,6,0,0
BRDA:53,7,0,0
BRDA:135,8,0,0
BRF:11
BRH:3
end_of_record
TN:
SF:src/math/vec3.ts
FN:11,(anonymous_0)
FN:24,(anonymous_1)
FN:28,(anonymous_2)
FN:35,(anonymous_3)
FN:42,(anonymous_4)
FN:62,(anonymous_5)
FN:70,(anonymous_6)
FN:77,(anonymous_7)
FN:80,(anonymous_8)
FN:84,(anonymous_9)
FN:87,(anonymous_10)
FN:91,(anonymous_11)
FN:94,(anonymous_12)
FN:98,(anonymous_13)
FN:107,(anonymous_14)
FN:114,(anonymous_15)
FN:121,(anonymous_16)
FN:128,(anonymous_17)
FN:132,(anonymous_18)
FN:138,(anonymous_19)
FN:146,(anonymous_20)
FN:148,(anonymous_21)
FNF:22
FNH:7
FNDA:9,(anonymous_0)
FNDA:0,(anonymous_1)
FNDA:0,(anonymous_2)
FNDA:0,(anonymous_3)
FNDA:0,(anonymous_4)
FNDA:0,(anonymous_5)
FNDA:0,(anonymous_6)
FNDA:8,(anonymous_7)
FNDA:9,(anonymous_8)
FNDA:8,(anonymous_9)
FNDA:9,(anonymous_10)
FNDA:8,(anonymous_11)
FNDA:9,(anonymous_12)
FNDA:0,(anonymous_13)
FNDA:0,(anonymous_14)
FNDA:0,(anonymous_15)
FNDA:0,(anonymous_16)
FNDA:0,(anonymous_17)
FNDA:0,(anonymous_18)
FNDA:0,(anonymous_19)
FNDA:0,(anonymous_20)
FNDA:0,(anonymous_21)
DA:5,3
DA:12,9
DA:13,9
DA:14,0
DA:15,0
DA:16,0
DA:17,0
DA:19,9
DA:20,9
DA:21,9
DA:25,0
DA:29,0
DA:30,0
DA:31,0
DA:32,0
DA:36,0
DA:37,0
DA:38,0
DA:39,0
DA:44,0
DA:45,0
DA:46,0
DA:47,0
DA:48,0
DA:49,0
DA:50,0
DA:51,0
DA:52,0
DA:53,0
DA:54,0
DA:55,0
DA:56,0
DA:63,0
DA:64,0
DA:65,0
DA:66,0
DA:67,0
DA:71,0
DA:72,0
DA:73,0
DA:74,0
DA:78,8
DA:81,9
DA:85,8
DA:88,9
DA:92,8
DA:95,9
DA:99,0
DA:100,0
DA:101,0
DA:102,0
DA:104,0
DA:108,0
DA:109,0
DA:110,0
DA:111,0
DA:115,0
DA:116,0
DA:117,0
DA:118,0
DA:122,0
DA:123,0
DA:124,0
DA:125,0
DA:129,0
DA:133,0
DA:140,0
DA:141,0
DA:143,0
DA:147,0
DA:148,0
DA:149,0
LF:72
LH:12
BRDA:11,0,0,0
BRDA:11,1,0,0
BRDA:11,2,0,0
BRDA:13,3,0,0
BRDA:29,4,0,0
BRDA:30,5,0,0
BRDA:31,6,0,0
BRDA:35,7,0,0
BRDA:36,8,0,0
BRDA:37,9,0,0
BRDA:38,10,0,0
BRDA:107,11,0,0
BRDA:141,12,0,0
BRDA:146,13,0,0
BRF:14
BRH:0
end_of_record
TN:
SF:src/math/vec4.ts
FN:12,(anonymous_0)
FN:39,(anonymous_1)
FN:47,(anonymous_2)
FN:55,(anonymous_3)
FN:59,(anonymous_4)
FN:67,(anonymous_5)
FN:78,(anonymous_6)
FN:87,(anonymous_7)
FN:90,(anonymous_8)
FN:94,(anonymous_9)
FN:97,(anonymous_10)
FN:101,(anonymous_11)
FN:104,(anonymous_12)
FN:108,(anonymous_13)
FN:111,(anonymous_14)
FN:115,(anonymous_15)
FN:125,(anonymous_16)
FN:133,(anonymous_17)
FN:141,(anonymous_18)
FN:150,(anonymous_19)
FN:159,(anonymous_20)
FN:170,(anonymous_21)
FN:172,(anonymous_22)
FNF:23
FNH:10
FNDA:2,(anonymous_0)
FNDA:0,(anonymous_1)
FNDA:0,(anonymous_2)
FNDA:0,(anonymous_3)
FNDA:0,(anonymous_4)
FNDA:0,(anonymous_5)
FNDA:1,(anonymous_6)
FNDA:4,(anonymous_7)
FNDA:5,(anonymous_8)
FNDA:4,(anonymous_9)
FNDA:5,(anonymous_10)
FNDA:4,(anonymous_11)
FNDA:5,(anonymous_12)
FNDA:4,(anonymous_13)
FNDA:5,(anonymous_14)
FNDA:0,(anonymous_15)
FNDA:0,(anonymous_16)
FNDA:0,(anonymous_17)
FNDA:0,(anonymous_18)
FNDA:0,(anonymous_19)
FNDA:0,(anonymous_20)
FNDA:0,(anonymous_21)
FNDA:0,(anonymous_22)
DA:2,2
DA:4,2
DA:18,2
DA:19,2
DA:20,0
DA:21,0
DA:22,0
DA:23,0
DA:24,0
DA:26,2
DA:27,0
DA:28,0
DA:29,0
DA:30,0
DA:31,0
DA:33,2
DA:34,2
DA:35,2
DA:36,2
DA:40,0
DA:41,0
DA:42,0
DA:43,0
DA:44,0
DA:48,0
DA:49,0
DA:50,0
DA:51,0
DA:52,0
DA:56,0
DA:60,0
DA:61,0
DA:62,0
DA:63,0
DA:64,0
DA:68,0
DA:69,0
DA:70,0
DA:71,0
DA:72,0
DA:79,1
DA:80,1
DA:81,1
DA:82,1
DA:83,1
DA:84,1
DA:88,4
DA:91,5
DA:95,4
DA:98,5
DA:102,4
DA:105,5
DA:109,4
DA:112,5
DA:116,0
DA:117,0
DA:118,0
DA:119,0
DA:120,0
DA:122,0
DA:126,0
DA:127,0
DA:128,0
DA:129,0
DA:130,0
DA:134,0
DA:135,0
DA:136,0
DA:137,0
DA:138,0
DA:142,0
DA:151,0
DA:161,0
DA:165,0
DA:167,0
DA:171,0
DA:172,0
DA:173,0
LF:78
LH:23
BRDA:13,0,0,0
BRDA:14,1,0,0
BRDA:15,2,0,0
BRDA:16,3,0,0
BRDA:19,4,0,0
BRDA:26,5,0,0
BRDA:39,6,0,0
BRDA:39,7,0,0
BRDA:39,8,0,0
BRDA:39,9,0,0
BRDA:60,10,0,0
BRDA:61,11,0,0
BRDA:62,12,0,0
BRDA:63,13,0,0
BRDA:67,14,0,0
BRDA:68,15,0,0
BRDA:69,16,0,0
BRDA:70,17,0,0
BRDA:71,18,0,0
BRDA:165,19,0,0
BRDA:170,20,0,0
BRF:21
BRH:0
end_of_record
